<?xml version="1.0" encoding="UTF-8"?>
<Site BuildName="Win32-mingw32-make"
	BuildStamp="20241126-1740-Experimental"
	Name="DESKTOP-2V5P2OT"
	Generator="ctest-3.31.0-rc3"
	CompilerName="C:/TDM-GCC-64/bin/c++.exe"
	CompilerVersion="10.3.0"
	OSName="Windows"
	Hostname="DESKTOP-2V5P2OT"
	OSRelease=" Personal"
	OSVersion=" (Build 22631)"
	OSPlatform="AMD64"
	Is64Bits="1"
	VendorString="GenuineIntel"
	VendorID="Intel Corporation"
	FamilyID="6"
	ModelID="14"
	ModelName=""
	ProcessorCacheSize="-1"
	NumberOfLogicalCPU="6"
	NumberOfPhysicalCPU="6"
	TotalVirtualMemory="32703"
	TotalPhysicalMemory="16319"
	LogicalProcessorsPerPhysical="1"
	ProcessorClockFrequency="3600"
	>
	<Testing>
		<StartDateTime>Nov 26 20:27 Romance Standard Time</StartDateTime>
		<StartTestTime>1732649267</StartTestTime>
		<TestList/>
		<EndDateTime>Nov 26 20:27 Romance Standard Time</EndDateTime>
		<EndTestTime>1732649267</EndTestTime>
		<ElapsedMinutes>0</ElapsedMinutes>
	</Testing>
</Site>
